<?xml version="1.0" encoding="UTF-8"?>
<!-- Generated by org.testng.reporters.JUnitReportReporter -->
<testsuite hostname="LAPTOP-FRR416C2" failures="0" tests="1" name="bikes.BajajTest" time="4.264" errors="0" timestamp="2025-02-16T11:18:32 IST" skipped="0">
  <testcase classname="bikes.BajajTest" name="launch" time="4.264"/>
  <system-out/>
</testsuite> <!-- bikes.BajajTest -->
