<?xml version="1.0" encoding="UTF-8"?>
<!-- Generated by org.testng.reporters.JUnitReportReporter -->
<testsuite hostname="LAPTOP-FRR416C2" failures="0" tests="1" name="demo.SampleTest" time="3.508" errors="0" timestamp="2025-02-13T19:28:40 IST" skipped="0">
  <testcase classname="demo.SampleTest" name="launch" time="3.508"/>
</testsuite> <!-- demo.SampleTest -->
