<?xml version="1.0" encoding="UTF-8"?>
<!-- Generated by org.testng.reporters.JUnitReportReporter -->
<testsuite hostname="LAPTOP-FRR416C2" failures="0" tests="1" name="extentReports.ToLearnExtentReport" time="0.469" errors="0" timestamp="2025-02-17T19:26:54 IST" skipped="0">
  <testcase classname="extentReports.ToLearnExtentReport" name="createReport" time="0.469"/>
  <system-out/>
</testsuite> <!-- extentReports.ToLearnExtentReport -->
