<?xml version="1.0" encoding="UTF-8"?>
<!-- Generated by org.testng.reporters.JUnitReportReporter -->
<testsuite hostname="LAPTOP-FRR416C2" failures="0" tests="1" name="extentReports.AddScreenShot" time="10.685" errors="0" timestamp="2025-03-14T06:36:36 IST" skipped="0">
  <testcase classname="extentReports.AddScreenShot" name="addingScreenshot" time="10.685"/>
  <system-out/>
</testsuite> <!-- extentReports.AddScreenShot -->
