<?xml version="1.0" encoding="UTF-8"?>
<!-- Generated by org.testng.reporters.JUnitReportReporter -->
<testsuite hostname="LAPTOP-FRR416C2" failures="0" tests="1" name="demo.Sample" time="0.022" errors="0" timestamp="2025-02-16T11:16:18 IST" skipped="0">
  <testcase classname="demo.Sample" name="launch" time="0.022"/>
  <system-out>
    <![CDATA[Launch]]>
  </system-out>
</testsuite> <!-- demo.Sample -->
